# JRE version: OpenJDK Runtime Environment (8.0_152-b02) (build 1.8.0_152-release-1024-b02)
# Java VM: OpenJDK 64-Bit Server VM (25.152-b02 mixed mode windows-amd64 compressed oops)
Heap:
 PSYoungGen      total 189440K, used 129232K [0x00000000e0000000, 0x00000000ecb00000, 0x0000000100000000)
  eden space 173568K, 74% used [0x00000000e0000000,0x00000000e7e343b0,0x00000000ea980000)
  from space 15872K, 0% used [0x00000000eb880000,0x00000000eb880000,0x00000000ec800000)
  to   space 15360K, 0% used [0x00000000ea980000,0x00000000ea980000,0x00000000eb880000)
 ParOldGen       total 88576K, used 36526K [0x00000000a0000000, 0x00000000a5680000, 0x00000000e0000000)
  object space 88576K, 41% used [0x00000000a0000000,0x00000000a23aba68,0x00000000a5680000)
 Metaspace       used 65663K, capacity 67982K, committed 68096K, reserved 1107968K
  class space    used 8939K, capacity 9442K, committed 9472K, reserved 1048576K
GC Heap History (10 events):
Event: 11.743 GC heap before
{Heap before GC invocations=11 (full 2):
 PSYoungGen      total 136192K, used 8700K [0x00000000e0000000, 0x00000000e9c80000, 0x0000000100000000)
  eden space 127488K, 0% used [0x00000000e0000000,0x00000000e0000000,0x00000000e7c80000)
  from space 8704K, 99% used [0x00000000e7c80000,0x00000000e84ff330,0x00000000e8500000)
  to   space 11776K, 0% used [0x00000000e9100000,0x00000000e9100000,0x00000000e9c80000)
 ParOldGen       total 36352K, used 14636K [0x00000000a0000000, 0x00000000a2380000, 0x00000000e0000000)
  object space 36352K, 40% used [0x00000000a0000000,0x00000000a0e4b180,0x00000000a2380000)
 Metaspace       used 34733K, capacity 35318K, committed 35416K, reserved 1079296K
  class space    used 4773K, capacity 4971K, committed 4992K, reserved 1048576K
Event: 11.900 GC heap after
Heap after GC invocations=11 (full 2):
 PSYoungGen      total 136192K, used 0K [0x00000000e0000000, 0x00000000e9c80000, 0x0000000100000000)
  eden space 127488K, 0% used [0x00000000e0000000,0x00000000e0000000,0x00000000e7c80000)
  from space 8704K, 0% used [0x00000000e7c80000,0x00000000e7c80000,0x00000000e8500000)
  to   space 11776K, 0% used [0x00000000e9100000,0x00000000e9100000,0x00000000e9c80000)
 ParOldGen       total 56832K, used 19138K [0x00000000a0000000, 0x00000000a3780000, 0x00000000e0000000)
  object space 56832K, 33% used [0x00000000a0000000,0x00000000a12b0bc8,0x00000000a3780000)
 Metaspace       used 34733K, capacity 35318K, committed 35416K, reserved 1079296K
  class space    used 4773K, capacity 4971K, committed 4992K, reserved 1048576K
}
Event: 15.216 GC heap before
{Heap before GC invocations=12 (full 2):
 PSYoungGen      total 136192K, used 127488K [0x00000000e0000000, 0x00000000e9c80000, 0x0000000100000000)
  eden space 127488K, 100% used [0x00000000e0000000,0x00000000e7c80000,0x00000000e7c80000)
  from space 8704K, 0% used [0x00000000e7c80000,0x00000000e7c80000,0x00000000e8500000)
  to   space 11776K, 0% used [0x00000000e9100000,0x00000000e9100000,0x00000000e9c80000)
 ParOldGen       total 56832K, used 19138K [0x00000000a0000000, 0x00000000a3780000, 0x00000000e0000000)
  object space 56832K, 33% used [0x00000000a0000000,0x00000000a12b0bc8,0x00000000a3780000)
 Metaspace       used 43027K, capacity 43982K, committed 44160K, reserved 1087488K
  class space    used 5916K, capacity 6206K, committed 6272K, reserved 1048576K
Event: 15.260 GC heap after
Heap after GC invocations=12 (full 2):
 PSYoungGen      total 145920K, used 11760K [0x00000000e0000000, 0x00000000ebe00000, 0x0000000100000000)
  eden space 134144K, 0% used [0x00000000e0000000,0x00000000e0000000,0x00000000e8300000)
  from space 11776K, 99% used [0x00000000e9100000,0x00000000e9c7c288,0x00000000e9c80000)
  to   space 14336K, 0% used [0x00000000e8300000,0x00000000e8300000,0x00000000e9100000)
 ParOldGen       total 56832K, used 21322K [0x00000000a0000000, 0x00000000a3780000, 0x00000000e0000000)
  object space 56832K, 37% used [0x00000000a0000000,0x00000000a14d2ba8,0x00000000a3780000)
 Metaspace       used 43027K, capacity 43982K, committed 44160K, reserved 1087488K
  class space    used 5916K, capacity 6206K, committed 6272K, reserved 1048576K
}
Event: 22.620 GC heap before
{Heap before GC invocations=13 (full 2):
 PSYoungGen      total 145920K, used 145904K [0x00000000e0000000, 0x00000000ebe00000, 0x0000000100000000)
  eden space 134144K, 100% used [0x00000000e0000000,0x00000000e8300000,0x00000000e8300000)
  from space 11776K, 99% used [0x00000000e9100000,0x00000000e9c7c288,0x00000000e9c80000)
  to   space 14336K, 0% used [0x00000000e8300000,0x00000000e8300000,0x00000000e9100000)
 ParOldGen       total 56832K, used 21322K [0x00000000a0000000, 0x00000000a3780000, 0x00000000e0000000)
  object space 56832K, 37% used [0x00000000a0000000,0x00000000a14d2ba8,0x00000000a3780000)
 Metaspace       used 53177K, capacity 54794K, committed 55040K, reserved 1097728K
  class space    used 7252K, capacity 7642K, committed 7680K, reserved 1048576K
Event: 22.750 GC heap after
Heap after GC invocations=13 (full 2):
 PSYoungGen      total 148480K, used 13354K [0x00000000e0000000, 0x00000000ec800000, 0x0000000100000000)
  eden space 134144K, 0% used [0x00000000e0000000,0x00000000e0000000,0x00000000e8300000)
  from space 14336K, 93% used [0x00000000e8300000,0x00000000e900aa58,0x00000000e9100000)
  to   space 15872K, 0% used [0x00000000eb880000,0x00000000eb880000,0x00000000ec800000)
 ParOldGen       total 56832K, used 29472K [0x00000000a0000000, 0x00000000a3780000, 0x00000000e0000000)
  object space 56832K, 51% used [0x00000000a0000000,0x00000000a1cc82e0,0x00000000a3780000)
 Metaspace       used 53177K, capacity 54794K, committed 55040K, reserved 1097728K
  class space    used 7252K, capacity 7642K, committed 7680K, reserved 1048576K
}
Event: 25.069 GC heap before
{Heap before GC invocations=14 (full 2):
 PSYoungGen      total 148480K, used 62462K [0x00000000e0000000, 0x00000000ec800000, 0x0000000100000000)
  eden space 134144K, 36% used [0x00000000e0000000,0x00000000e2ff4f88,0x00000000e8300000)
  from space 14336K, 93% used [0x00000000e8300000,0x00000000e900aa58,0x00000000e9100000)
  to   space 15872K, 0% used [0x00000000eb880000,0x00000000eb880000,0x00000000ec800000)
 ParOldGen       total 56832K, used 29472K [0x00000000a0000000, 0x00000000a3780000, 0x00000000e0000000)
  object space 56832K, 51% used [0x00000000a0000000,0x00000000a1cc82e0,0x00000000a3780000)
 Metaspace       used 57298K, capacity 58918K, committed 59028K, reserved 1099776K
  class space    used 7796K, capacity 8164K, committed 8192K, reserved 1048576K
Event: 25.164 GC heap after
Heap after GC invocations=14 (full 2):
 PSYoungGen      total 189440K, used 7955K [0x00000000e0000000, 0x00000000ecb00000, 0x0000000100000000)
  eden space 173568K, 0% used [0x00000000e0000000,0x00000000e0000000,0x00000000ea980000)
  from space 15872K, 50% used [0x00000000eb880000,0x00000000ec044dc8,0x00000000ec800000)
  to   space 15360K, 0% used [0x00000000ea980000,0x00000000ea980000,0x00000000eb880000)
 ParOldGen       total 56832K, used 37051K [0x00000000a0000000, 0x00000000a3780000, 0x00000000e0000000)
  object space 56832K, 65% used [0x00000000a0000000,0x00000000a242ecf8,0x00000000a3780000)
 Metaspace       used 57298K, capacity 58918K, committed 59028K, reserved 1099776K
  class space    used 7796K, capacity 8164K, committed 8192K, reserved 1048576K
}
Event: 25.164 GC heap before
{Heap before GC invocations=15 (full 3):
 PSYoungGen      total 189440K, used 7955K [0x00000000e0000000, 0x00000000ecb00000, 0x0000000100000000)
  eden space 173568K, 0% used [0x00000000e0000000,0x00000000e0000000,0x00000000ea980000)
  from space 15872K, 50% used [0x00000000eb880000,0x00000000ec044dc8,0x00000000ec800000)
  to   space 15360K, 0% used [0x00000000ea980000,0x00000000ea980000,0x00000000eb880000)
 ParOldGen       total 56832K, used 37051K [0x00000000a0000000, 0x00000000a3780000, 0x00000000e0000000)
  object space 56832K, 65% used [0x00000000a0000000,0x00000000a242ecf8,0x00000000a3780000)
 Metaspace       used 57298K, capacity 58918K, committed 59028K, reserved 1099776K
  class space    used 7796K, capacity 8164K, committed 8192K, reserved 1048576K
Event: 25.554 GC heap after
Heap after GC invocations=15 (full 3):
 PSYoungGen      total 189440K, used 0K [0x00000000e0000000, 0x00000000ecb00000, 0x0000000100000000)
  eden space 173568K, 0% used [0x00000000e0000000,0x00000000e0000000,0x00000000ea980000)
  from space 15872K, 0% used [0x00000000eb880000,0x00000000eb880000,0x00000000ec800000)
  to   space 15360K, 0% used [0x00000000ea980000,0x00000000ea980000,0x00000000eb880000)
 ParOldGen       total 88576K, used 36526K [0x00000000a0000000, 0x00000000a5680000, 0x00000000e0000000)
  object space 88576K, 41% used [0x00000000a0000000,0x00000000a23aba68,0x00000000a5680000)
 Metaspace       used 57298K, capacity 58918K, committed 59028K, reserved 1099776K
  class space    used 7796K, capacity 8164K, committed 8192K, reserved 1048576K
}

