# JRE version: OpenJDK Runtime Environment (8.0_152-b02) (build 1.8.0_152-release-1024-b02)
# Java VM: OpenJDK 64-Bit Server VM (25.152-b02 mixed mode windows-amd64 compressed oops)
Heap:
 PSYoungGen      total 440320K, used 401680K [0x00000000e0000000, 0x00000000fd600000, 0x0000000100000000)
  eden space 419840K, 91% used [0x00000000e0000000,0x00000000f76faf28,0x00000000f9a00000)
  from space 20480K, 86% used [0x00000000fc200000,0x00000000fd349148,0x00000000fd600000)
  to   space 30720K, 0% used [0x00000000f9a00000,0x00000000f9a00000,0x00000000fb800000)
 ParOldGen       total 143360K, used 79358K [0x00000000a0000000, 0x00000000a8c00000, 0x00000000e0000000)
  object space 143360K, 55% used [0x00000000a0000000,0x00000000a4d7fbb8,0x00000000a8c00000)
 Metaspace       used 88721K, capacity 93330K, committed 93460K, reserved 1130496K
  class space    used 11228K, capacity 12283K, committed 12348K, reserved 1048576K
GC Heap History (10 events):
Event: 854.970 GC heap before
{Heap before GC invocations=20 (full 3):
 PSYoungGen      total 329216K, used 324544K [0x00000000e0000000, 0x00000000f6200000, 0x0000000100000000)
  eden space 318464K, 100% used [0x00000000e0000000,0x00000000f3700000,0x00000000f3700000)
  from space 10752K, 56% used [0x00000000f5780000,0x00000000f5d70020,0x00000000f6200000)
  to   space 22016K, 0% used [0x00000000f3700000,0x00000000f3700000,0x00000000f4c80000)
 ParOldGen       total 79360K, used 58652K [0x00000000a0000000, 0x00000000a4d80000, 0x00000000e0000000)
  object space 79360K, 73% used [0x00000000a0000000,0x00000000a3947020,0x00000000a4d80000)
 Metaspace       used 77155K, capacity 80532K, committed 80788K, reserved 1120256K
  class space    used 9810K, capacity 10645K, committed 10684K, reserved 1048576K
Event: 855.089 GC heap after
Heap after GC invocations=20 (full 3):
 PSYoungGen      total 340480K, used 11839K [0x00000000e0000000, 0x00000000f9500000, 0x0000000100000000)
  eden space 318464K, 0% used [0x00000000e0000000,0x00000000e0000000,0x00000000f3700000)
  from space 22016K, 53% used [0x00000000f3700000,0x00000000f428fdb8,0x00000000f4c80000)
  to   space 21504K, 0% used [0x00000000f8000000,0x00000000f8000000,0x00000000f9500000)
 ParOldGen       total 79360K, used 58660K [0x00000000a0000000, 0x00000000a4d80000, 0x00000000e0000000)
  object space 79360K, 73% used [0x00000000a0000000,0x00000000a3949020,0x00000000a4d80000)
 Metaspace       used 77155K, capacity 80532K, committed 80788K, reserved 1120256K
  class space    used 9810K, capacity 10645K, committed 10684K, reserved 1048576K
}
Event: 870.510 GC heap before
{Heap before GC invocations=21 (full 3):
 PSYoungGen      total 340480K, used 330303K [0x00000000e0000000, 0x00000000f9500000, 0x0000000100000000)
  eden space 318464K, 100% used [0x00000000e0000000,0x00000000f3700000,0x00000000f3700000)
  from space 22016K, 53% used [0x00000000f3700000,0x00000000f428fdb8,0x00000000f4c80000)
  to   space 21504K, 0% used [0x00000000f8000000,0x00000000f8000000,0x00000000f9500000)
 ParOldGen       total 79360K, used 58660K [0x00000000a0000000, 0x00000000a4d80000, 0x00000000e0000000)
  object space 79360K, 73% used [0x00000000a0000000,0x00000000a3949020,0x00000000a4d80000)
 Metaspace       used 85640K, capacity 89694K, committed 89876K, reserved 1128448K
  class space    used 10854K, capacity 11808K, committed 11836K, reserved 1048576K
Event: 870.656 GC heap after
Heap after GC invocations=21 (full 3):
 PSYoungGen      total 382976K, used 21495K [0x00000000e0000000, 0x00000000fa880000, 0x0000000100000000)
  eden space 361472K, 0% used [0x00000000e0000000,0x00000000e0000000,0x00000000f6100000)
  from space 21504K, 99% used [0x00000000f8000000,0x00000000f94fdc50,0x00000000f9500000)
  to   space 31744K, 0% used [0x00000000f6100000,0x00000000f6100000,0x00000000f8000000)
 ParOldGen       total 79360K, used 77171K [0x00000000a0000000, 0x00000000a4d80000, 0x00000000e0000000)
  object space 79360K, 97% used [0x00000000a0000000,0x00000000a4b5ccd8,0x00000000a4d80000)
 Metaspace       used 85640K, capacity 89694K, committed 89876K, reserved 1128448K
  class space    used 10854K, capacity 11808K, committed 11836K, reserved 1048576K
}
Event: 870.656 GC heap before
{Heap before GC invocations=22 (full 4):
 PSYoungGen      total 382976K, used 21495K [0x00000000e0000000, 0x00000000fa880000, 0x0000000100000000)
  eden space 361472K, 0% used [0x00000000e0000000,0x00000000e0000000,0x00000000f6100000)
  from space 21504K, 99% used [0x00000000f8000000,0x00000000f94fdc50,0x00000000f9500000)
  to   space 31744K, 0% used [0x00000000f6100000,0x00000000f6100000,0x00000000f8000000)
 ParOldGen       total 79360K, used 77171K [0x00000000a0000000, 0x00000000a4d80000, 0x00000000e0000000)
  object space 79360K, 97% used [0x00000000a0000000,0x00000000a4b5ccd8,0x00000000a4d80000)
 Metaspace       used 85640K, capacity 89694K, committed 89876K, reserved 1128448K
  class space    used 10854K, capacity 11808K, committed 11836K, reserved 1048576K
Event: 871.565 GC heap after
Heap after GC invocations=22 (full 4):
 PSYoungGen      total 382976K, used 8160K [0x00000000e0000000, 0x00000000fa880000, 0x0000000100000000)
  eden space 361472K, 0% used [0x00000000e0000000,0x00000000e0000000,0x00000000f6100000)
  from space 21504K, 37% used [0x00000000f8000000,0x00000000f87f8220,0x00000000f9500000)
  to   space 31744K, 0% used [0x00000000f6100000,0x00000000f6100000,0x00000000f8000000)
 ParOldGen       total 143360K, used 78818K [0x00000000a0000000, 0x00000000a8c00000, 0x00000000e0000000)
  object space 143360K, 54% used [0x00000000a0000000,0x00000000a4cf8b98,0x00000000a8c00000)
 Metaspace       used 85551K, capacity 89450K, committed 89876K, reserved 1128448K
  class space    used 10824K, capacity 11760K, committed 11836K, reserved 1048576K
}
Event: 880.946 GC heap before
{Heap before GC invocations=23 (full 4):
 PSYoungGen      total 382976K, used 368684K [0x00000000e0000000, 0x00000000fa880000, 0x0000000100000000)
  eden space 361472K, 99% used [0x00000000e0000000,0x00000000f60130b0,0x00000000f6100000)
  from space 21504K, 37% used [0x00000000f8000000,0x00000000f87f8220,0x00000000f9500000)
  to   space 31744K, 0% used [0x00000000f6100000,0x00000000f6100000,0x00000000f8000000)
 ParOldGen       total 143360K, used 78818K [0x00000000a0000000, 0x00000000a8c00000, 0x00000000e0000000)
  object space 143360K, 54% used [0x00000000a0000000,0x00000000a4cf8b98,0x00000000a8c00000)
 Metaspace       used 87099K, capacity 91300K, committed 91412K, reserved 1128448K
  class space    used 11060K, capacity 12039K, committed 12092K, reserved 1048576K
Event: 881.061 GC heap after
Heap after GC invocations=23 (full 4):
 PSYoungGen      total 393216K, used 15844K [0x00000000e0000000, 0x00000000fe000000, 0x0000000100000000)
  eden space 361472K, 0% used [0x00000000e0000000,0x00000000e0000000,0x00000000f6100000)
  from space 31744K, 49% used [0x00000000f6100000,0x00000000f7079048,0x00000000f8000000)
  to   space 30720K, 0% used [0x00000000fc200000,0x00000000fc200000,0x00000000fe000000)
 ParOldGen       total 143360K, used 79350K [0x00000000a0000000, 0x00000000a8c00000, 0x00000000e0000000)
  object space 143360K, 55% used [0x00000000a0000000,0x00000000a4d7dbb8,0x00000000a8c00000)
 Metaspace       used 87099K, capacity 91300K, committed 91412K, reserved 1128448K
  class space    used 11060K, capacity 12039K, committed 12092K, reserved 1048576K
}
Event: 1771.544 GC heap before
{Heap before GC invocations=24 (full 4):
 PSYoungGen      total 393216K, used 377316K [0x00000000e0000000, 0x00000000fe000000, 0x0000000100000000)
  eden space 361472K, 100% used [0x00000000e0000000,0x00000000f6100000,0x00000000f6100000)
  from space 31744K, 49% used [0x00000000f6100000,0x00000000f7079048,0x00000000f8000000)
  to   space 30720K, 0% used [0x00000000fc200000,0x00000000fc200000,0x00000000fe000000)
 ParOldGen       total 143360K, used 79350K [0x00000000a0000000, 0x00000000a8c00000, 0x00000000e0000000)
  object space 143360K, 55% used [0x00000000a0000000,0x00000000a4d7dbb8,0x00000000a8c00000)
 Metaspace       used 88301K, capacity 92852K, committed 93204K, reserved 1130496K
  class space    used 11222K, capacity 12242K, committed 12348K, reserved 1048576K
Event: 1771.635 GC heap after
Heap after GC invocations=24 (full 4):
 PSYoungGen      total 440320K, used 17700K [0x00000000e0000000, 0x00000000fd600000, 0x0000000100000000)
  eden space 419840K, 0% used [0x00000000e0000000,0x00000000e0000000,0x00000000f9a00000)
  from space 20480K, 86% used [0x00000000fc200000,0x00000000fd349148,0x00000000fd600000)
  to   space 30720K, 0% used [0x00000000f9a00000,0x00000000f9a00000,0x00000000fb800000)
 ParOldGen       total 143360K, used 79358K [0x00000000a0000000, 0x00000000a8c00000, 0x00000000e0000000)
  object space 143360K, 55% used [0x00000000a0000000,0x00000000a4d7fbb8,0x00000000a8c00000)
 Metaspace       used 88301K, capacity 92852K, committed 93204K, reserved 1130496K
  class space    used 11222K, capacity 12242K, committed 12348K, reserved 1048576K
}

