# JRE version: OpenJDK Runtime Environment (8.0_152-b02) (build 1.8.0_152-release-1024-b02)
# Java VM: OpenJDK 64-Bit Server VM (25.152-b02 mixed mode windows-amd64 compressed oops)
Heap:
 PSYoungGen      total 180736K, used 28756K [0x00000000e0000000, 0x00000000efe00000, 0x0000000100000000)
  eden space 156160K, 2% used [0x00000000e0000000,0x00000000e0415f10,0x00000000e9880000)
  from space 24576K, 99% used [0x00000000e9880000,0x00000000eb07f3c8,0x00000000eb080000)
  to   space 32256K, 0% used [0x00000000ede80000,0x00000000ede80000,0x00000000efe00000)
 ParOldGen       total 100352K, used 47101K [0x00000000a0000000, 0x00000000a6200000, 0x00000000e0000000)
  object space 100352K, 46% used [0x00000000a0000000,0x00000000a2dff7d8,0x00000000a6200000)
 Metaspace       used 65873K, capacity 68284K, committed 68440K, reserved 1107968K
  class space    used 8968K, capacity 9491K, committed 9600K, reserved 1048576K
GC Heap History (10 events):
Event: 20.522 GC heap before
{Heap before GC invocations=10 (full 2):
 PSYoungGen      total 138240K, used 127488K [0x00000000e0000000, 0x00000000e9b00000, 0x0000000100000000)
  eden space 127488K, 100% used [0x00000000e0000000,0x00000000e7c80000,0x00000000e7c80000)
  from space 10752K, 0% used [0x00000000e7c80000,0x00000000e7c80000,0x00000000e8700000)
  to   space 13824K, 0% used [0x00000000e8d80000,0x00000000e8d80000,0x00000000e9b00000)
 ParOldGen       total 67584K, used 19302K [0x00000000a0000000, 0x00000000a4200000, 0x00000000e0000000)
  object space 67584K, 28% used [0x00000000a0000000,0x00000000a12d9ab0,0x00000000a4200000)
 Metaspace       used 43037K, capacity 44046K, committed 44120K, reserved 1087488K
  class space    used 5918K, capacity 6206K, committed 6272K, reserved 1048576K
Event: 20.611 GC heap after
Heap after GC invocations=10 (full 2):
 PSYoungGen      total 142848K, used 13813K [0x00000000e0000000, 0x00000000ed200000, 0x0000000100000000)
  eden space 129024K, 0% used [0x00000000e0000000,0x00000000e0000000,0x00000000e7e00000)
  from space 13824K, 99% used [0x00000000e8d80000,0x00000000e9afd7a8,0x00000000e9b00000)
  to   space 15872K, 0% used [0x00000000e7e00000,0x00000000e7e00000,0x00000000e8d80000)
 ParOldGen       total 67584K, used 19453K [0x00000000a0000000, 0x00000000a4200000, 0x00000000e0000000)
  object space 67584K, 28% used [0x00000000a0000000,0x00000000a12ff548,0x00000000a4200000)
 Metaspace       used 43037K, capacity 44046K, committed 44120K, reserved 1087488K
  class space    used 5918K, capacity 6206K, committed 6272K, reserved 1048576K
}
Event: 28.725 GC heap before
{Heap before GC invocations=11 (full 2):
 PSYoungGen      total 142848K, used 142837K [0x00000000e0000000, 0x00000000ed200000, 0x0000000100000000)
  eden space 129024K, 100% used [0x00000000e0000000,0x00000000e7e00000,0x00000000e7e00000)
  from space 13824K, 99% used [0x00000000e8d80000,0x00000000e9afd7a8,0x00000000e9b00000)
  to   space 15872K, 0% used [0x00000000e7e00000,0x00000000e7e00000,0x00000000e8d80000)
 ParOldGen       total 67584K, used 19453K [0x00000000a0000000, 0x00000000a4200000, 0x00000000e0000000)
  object space 67584K, 28% used [0x00000000a0000000,0x00000000a12ff548,0x00000000a4200000)
 Metaspace       used 53100K, capacity 54670K, committed 55000K, reserved 1097728K
  class space    used 7245K, capacity 7604K, committed 7680K, reserved 1048576K
Event: 28.787 GC heap after
Heap after GC invocations=11 (full 2):
 PSYoungGen      total 144896K, used 15852K [0x00000000e0000000, 0x00000000ec480000, 0x0000000100000000)
  eden space 129024K, 0% used [0x00000000e0000000,0x00000000e0000000,0x00000000e7e00000)
  from space 15872K, 99% used [0x00000000e7e00000,0x00000000e8d7b3d8,0x00000000e8d80000)
  to   space 20480K, 0% used [0x00000000eb080000,0x00000000eb080000,0x00000000ec480000)
 ParOldGen       total 67584K, used 23915K [0x00000000a0000000, 0x00000000a4200000, 0x00000000e0000000)
  object space 67584K, 35% used [0x00000000a0000000,0x00000000a175ae30,0x00000000a4200000)
 Metaspace       used 53100K, capacity 54670K, committed 55000K, reserved 1097728K
  class space    used 7245K, capacity 7604K, committed 7680K, reserved 1048576K
}
Event: 33.521 GC heap before
{Heap before GC invocations=12 (full 2):
 PSYoungGen      total 144896K, used 75328K [0x00000000e0000000, 0x00000000ec480000, 0x0000000100000000)
  eden space 129024K, 46% used [0x00000000e0000000,0x00000000e3a14ee0,0x00000000e7e00000)
  from space 15872K, 99% used [0x00000000e7e00000,0x00000000e8d7b3d8,0x00000000e8d80000)
  to   space 20480K, 0% used [0x00000000eb080000,0x00000000eb080000,0x00000000ec480000)
 ParOldGen       total 67584K, used 23915K [0x00000000a0000000, 0x00000000a4200000, 0x00000000e0000000)
  object space 67584K, 35% used [0x00000000a0000000,0x00000000a175ae30,0x00000000a4200000)
 Metaspace       used 57273K, capacity 58918K, committed 59028K, reserved 1099776K
  class space    used 7794K, capacity 8164K, committed 8192K, reserved 1048576K
Event: 33.596 GC heap after
Heap after GC invocations=12 (full 2):
 PSYoungGen      total 176640K, used 20468K [0x00000000e0000000, 0x00000000ecd00000, 0x0000000100000000)
  eden space 156160K, 0% used [0x00000000e0000000,0x00000000e0000000,0x00000000e9880000)
  from space 20480K, 99% used [0x00000000eb080000,0x00000000ec47d298,0x00000000ec480000)
  to   space 24576K, 0% used [0x00000000e9880000,0x00000000e9880000,0x00000000eb080000)
 ParOldGen       total 67584K, used 26963K [0x00000000a0000000, 0x00000000a4200000, 0x00000000e0000000)
  object space 67584K, 39% used [0x00000000a0000000,0x00000000a1a54cc0,0x00000000a4200000)
 Metaspace       used 57273K, capacity 58918K, committed 59028K, reserved 1099776K
  class space    used 7794K, capacity 8164K, committed 8192K, reserved 1048576K
}
Event: 33.596 GC heap before
{Heap before GC invocations=13 (full 3):
 PSYoungGen      total 176640K, used 20468K [0x00000000e0000000, 0x00000000ecd00000, 0x0000000100000000)
  eden space 156160K, 0% used [0x00000000e0000000,0x00000000e0000000,0x00000000e9880000)
  from space 20480K, 99% used [0x00000000eb080000,0x00000000ec47d298,0x00000000ec480000)
  to   space 24576K, 0% used [0x00000000e9880000,0x00000000e9880000,0x00000000eb080000)
 ParOldGen       total 67584K, used 26963K [0x00000000a0000000, 0x00000000a4200000, 0x00000000e0000000)
  object space 67584K, 39% used [0x00000000a0000000,0x00000000a1a54cc0,0x00000000a4200000)
 Metaspace       used 57273K, capacity 58918K, committed 59028K, reserved 1099776K
  class space    used 7794K, capacity 8164K, committed 8192K, reserved 1048576K
Event: 33.992 GC heap after
Heap after GC invocations=13 (full 3):
 PSYoungGen      total 176640K, used 0K [0x00000000e0000000, 0x00000000ecd00000, 0x0000000100000000)
  eden space 156160K, 0% used [0x00000000e0000000,0x00000000e0000000,0x00000000e9880000)
  from space 20480K, 0% used [0x00000000eb080000,0x00000000eb080000,0x00000000ec480000)
  to   space 24576K, 0% used [0x00000000e9880000,0x00000000e9880000,0x00000000eb080000)
 ParOldGen       total 100352K, used 36463K [0x00000000a0000000, 0x00000000a6200000, 0x00000000e0000000)
  object space 100352K, 36% used [0x00000000a0000000,0x00000000a239bfe0,0x00000000a6200000)
 Metaspace       used 57273K, capacity 58918K, committed 59028K, reserved 1099776K
  class space    used 7794K, capacity 8164K, committed 8192K, reserved 1048576K
}
Event: 39.815 GC heap before
{Heap before GC invocations=14 (full 3):
 PSYoungGen      total 176640K, used 156160K [0x00000000e0000000, 0x00000000ecd00000, 0x0000000100000000)
  eden space 156160K, 100% used [0x00000000e0000000,0x00000000e9880000,0x00000000e9880000)
  from space 20480K, 0% used [0x00000000eb080000,0x00000000eb080000,0x00000000ec480000)
  to   space 24576K, 0% used [0x00000000e9880000,0x00000000e9880000,0x00000000eb080000)
 ParOldGen       total 100352K, used 36463K [0x00000000a0000000, 0x00000000a6200000, 0x00000000e0000000)
  object space 100352K, 36% used [0x00000000a0000000,0x00000000a239bfe0,0x00000000a6200000)
 Metaspace       used 65812K, capacity 68220K, committed 68440K, reserved 1107968K
  class space    used 8968K, capacity 9491K, committed 9600K, reserved 1048576K
Event: 39.939 GC heap after
Heap after GC invocations=14 (full 3):
 PSYoungGen      total 180736K, used 24572K [0x00000000e0000000, 0x00000000efe00000, 0x0000000100000000)
  eden space 156160K, 0% used [0x00000000e0000000,0x00000000e0000000,0x00000000e9880000)
  from space 24576K, 99% used [0x00000000e9880000,0x00000000eb07f3c8,0x00000000eb080000)
  to   space 32256K, 0% used [0x00000000ede80000,0x00000000ede80000,0x00000000efe00000)
 ParOldGen       total 100352K, used 47101K [0x00000000a0000000, 0x00000000a6200000, 0x00000000e0000000)
  object space 100352K, 46% used [0x00000000a0000000,0x00000000a2dff7d8,0x00000000a6200000)
 Metaspace       used 65812K, capacity 68220K, committed 68440K, reserved 1107968K
  class space    used 8968K, capacity 9491K, committed 9600K, reserved 1048576K
}

