# JRE version: OpenJDK Runtime Environment (8.0_152-b02) (build 1.8.0_152-release-1024-b02)
# Java VM: OpenJDK 64-Bit Server VM (25.152-b02 mixed mode windows-amd64 compressed oops)
Heap:
 PSYoungGen      total 136192K, used 90556K [0x00000000e0000000, 0x00000000eb780000, 0x0000000100000000)
  eden space 122368K, 62% used [0x00000000e0000000,0x00000000e4af5300,0x00000000e7780000)
  from space 13824K, 99% used [0x00000000e7780000,0x00000000e84f9e00,0x00000000e8500000)
  to   space 17408K, 0% used [0x00000000ea680000,0x00000000ea680000,0x00000000eb780000)
 ParOldGen       total 61440K, used 30328K [0x00000000a0000000, 0x00000000a3c00000, 0x00000000e0000000)
  object space 61440K, 49% used [0x00000000a0000000,0x00000000a1d9e3a0,0x00000000a3c00000)
 Metaspace       used 55012K, capacity 56642K, committed 56832K, reserved 1097728K
  class space    used 7447K, capacity 7844K, committed 7936K, reserved 1048576K
GC Heap History (10 events):
Event: 9.513 GC heap before
{Heap before GC invocations=9 (full 1):
 PSYoungGen      total 72192K, used 64512K [0x00000000e0000000, 0x00000000e8e00000, 0x0000000100000000)
  eden space 64512K, 100% used [0x00000000e0000000,0x00000000e3f00000,0x00000000e3f00000)
  from space 7680K, 0% used [0x00000000e3f00000,0x00000000e3f00000,0x00000000e4680000)
  to   space 8192K, 0% used [0x00000000e8600000,0x00000000e8600000,0x00000000e8e00000)
 ParOldGen       total 38912K, used 10377K [0x00000000a0000000, 0x00000000a2600000, 0x00000000e0000000)
  object space 38912K, 26% used [0x00000000a0000000,0x00000000a0a225d0,0x00000000a2600000)
 Metaspace       used 26577K, capacity 27062K, committed 27136K, reserved 1073152K
  class space    used 3655K, capacity 3831K, committed 3840K, reserved 1048576K
Event: 9.533 GC heap after
Heap after GC invocations=9 (full 1):
 PSYoungGen      total 102912K, used 7277K [0x00000000e0000000, 0x00000000e8d80000, 0x0000000100000000)
  eden space 95232K, 0% used [0x00000000e0000000,0x00000000e0000000,0x00000000e5d00000)
  from space 7680K, 94% used [0x00000000e8600000,0x00000000e8d1b418,0x00000000e8d80000)
  to   space 8704K, 0% used [0x00000000e7c80000,0x00000000e7c80000,0x00000000e8500000)
 ParOldGen       total 38912K, used 10385K [0x00000000a0000000, 0x00000000a2600000, 0x00000000e0000000)
  object space 38912K, 26% used [0x00000000a0000000,0x00000000a0a245d0,0x00000000a2600000)
 Metaspace       used 26577K, capacity 27062K, committed 27136K, reserved 1073152K
  class space    used 3655K, capacity 3831K, committed 3840K, reserved 1048576K
}
Event: 17.174 GC heap before
{Heap before GC invocations=10 (full 1):
 PSYoungGen      total 102912K, used 97815K [0x00000000e0000000, 0x00000000e8d80000, 0x0000000100000000)
  eden space 95232K, 95% used [0x00000000e0000000,0x00000000e586ab70,0x00000000e5d00000)
  from space 7680K, 94% used [0x00000000e8600000,0x00000000e8d1b418,0x00000000e8d80000)
  to   space 8704K, 0% used [0x00000000e7c80000,0x00000000e7c80000,0x00000000e8500000)
 ParOldGen       total 38912K, used 10385K [0x00000000a0000000, 0x00000000a2600000, 0x00000000e0000000)
  object space 38912K, 26% used [0x00000000a0000000,0x00000000a0a245d0,0x00000000a2600000)
 Metaspace       used 34772K, capacity 35322K, committed 35416K, reserved 1079296K
  class space    used 4784K, capacity 4971K, committed 4992K, reserved 1048576K
Event: 17.211 GC heap after
Heap after GC invocations=10 (full 1):
 PSYoungGen      total 128000K, used 8680K [0x00000000e0000000, 0x00000000e8b80000, 0x0000000100000000)
  eden space 119296K, 0% used [0x00000000e0000000,0x00000000e0000000,0x00000000e7480000)
  from space 8704K, 99% used [0x00000000e7c80000,0x00000000e84fa320,0x00000000e8500000)
  to   space 6656K, 0% used [0x00000000e8500000,0x00000000e8500000,0x00000000e8b80000)
 ParOldGen       total 38912K, used 14700K [0x00000000a0000000, 0x00000000a2600000, 0x00000000e0000000)
  object space 38912K, 37% used [0x00000000a0000000,0x00000000a0e5b3c0,0x00000000a2600000)
 Metaspace       used 34772K, capacity 35322K, committed 35416K, reserved 1079296K
  class space    used 4784K, capacity 4971K, committed 4992K, reserved 1048576K
}
Event: 17.212 GC heap before
{Heap before GC invocations=11 (full 2):
 PSYoungGen      total 128000K, used 8680K [0x00000000e0000000, 0x00000000e8b80000, 0x0000000100000000)
  eden space 119296K, 0% used [0x00000000e0000000,0x00000000e0000000,0x00000000e7480000)
  from space 8704K, 99% used [0x00000000e7c80000,0x00000000e84fa320,0x00000000e8500000)
  to   space 6656K, 0% used [0x00000000e8500000,0x00000000e8500000,0x00000000e8b80000)
 ParOldGen       total 38912K, used 14700K [0x00000000a0000000, 0x00000000a2600000, 0x00000000e0000000)
  object space 38912K, 37% used [0x00000000a0000000,0x00000000a0e5b3c0,0x00000000a2600000)
 Metaspace       used 34772K, capacity 35322K, committed 35416K, reserved 1079296K
  class space    used 4784K, capacity 4971K, committed 4992K, reserved 1048576K
Event: 17.363 GC heap after
Heap after GC invocations=11 (full 2):
 PSYoungGen      total 128000K, used 0K [0x00000000e0000000, 0x00000000e8b80000, 0x0000000100000000)
  eden space 119296K, 0% used [0x00000000e0000000,0x00000000e0000000,0x00000000e7480000)
  from space 8704K, 0% used [0x00000000e7c80000,0x00000000e7c80000,0x00000000e8500000)
  to   space 6656K, 0% used [0x00000000e8500000,0x00000000e8500000,0x00000000e8b80000)
 ParOldGen       total 61440K, used 19187K [0x00000000a0000000, 0x00000000a3c00000, 0x00000000e0000000)
  object space 61440K, 31% used [0x00000000a0000000,0x00000000a12bce78,0x00000000a3c00000)
 Metaspace       used 34772K, capacity 35322K, committed 35416K, reserved 1079296K
  class space    used 4784K, capacity 4971K, committed 4992K, reserved 1048576K
}
Event: 21.480 GC heap before
{Heap before GC invocations=12 (full 2):
 PSYoungGen      total 128000K, used 119296K [0x00000000e0000000, 0x00000000e8b80000, 0x0000000100000000)
  eden space 119296K, 100% used [0x00000000e0000000,0x00000000e7480000,0x00000000e7480000)
  from space 8704K, 0% used [0x00000000e7c80000,0x00000000e7c80000,0x00000000e8500000)
  to   space 6656K, 0% used [0x00000000e8500000,0x00000000e8500000,0x00000000e8b80000)
 ParOldGen       total 61440K, used 19187K [0x00000000a0000000, 0x00000000a3c00000, 0x00000000e0000000)
  object space 61440K, 31% used [0x00000000a0000000,0x00000000a12bce78,0x00000000a3c00000)
 Metaspace       used 42459K, capacity 43396K, committed 43520K, reserved 1087488K
  class space    used 5833K, capacity 6129K, committed 6144K, reserved 1048576K
Event: 21.517 GC heap after
Heap after GC invocations=12 (full 2):
 PSYoungGen      total 129024K, used 6652K [0x00000000e0000000, 0x00000000eaf00000, 0x0000000100000000)
  eden space 122368K, 0% used [0x00000000e0000000,0x00000000e0000000,0x00000000e7780000)
  from space 6656K, 99% used [0x00000000e8500000,0x00000000e8b7f300,0x00000000e8b80000)
  to   space 13824K, 0% used [0x00000000e7780000,0x00000000e7780000,0x00000000e8500000)
 ParOldGen       total 61440K, used 25558K [0x00000000a0000000, 0x00000000a3c00000, 0x00000000e0000000)
  object space 61440K, 41% used [0x00000000a0000000,0x00000000a18f59f0,0x00000000a3c00000)
 Metaspace       used 42459K, capacity 43396K, committed 43520K, reserved 1087488K
  class space    used 5833K, capacity 6129K, committed 6144K, reserved 1048576K
}
Event: 28.933 GC heap before
{Heap before GC invocations=13 (full 2):
 PSYoungGen      total 129024K, used 129020K [0x00000000e0000000, 0x00000000eaf00000, 0x0000000100000000)
  eden space 122368K, 100% used [0x00000000e0000000,0x00000000e7780000,0x00000000e7780000)
  from space 6656K, 99% used [0x00000000e8500000,0x00000000e8b7f300,0x00000000e8b80000)
  to   space 13824K, 0% used [0x00000000e7780000,0x00000000e7780000,0x00000000e8500000)
 ParOldGen       total 61440K, used 25558K [0x00000000a0000000, 0x00000000a3c00000, 0x00000000e0000000)
  object space 61440K, 41% used [0x00000000a0000000,0x00000000a18f59f0,0x00000000a3c00000)
 Metaspace       used 52646K, capacity 54178K, committed 54528K, reserved 1095680K
  class space    used 7206K, capacity 7568K, committed 7680K, reserved 1048576K
Event: 28.983 GC heap after
Heap after GC invocations=13 (full 2):
 PSYoungGen      total 136192K, used 13799K [0x00000000e0000000, 0x00000000eb780000, 0x0000000100000000)
  eden space 122368K, 0% used [0x00000000e0000000,0x00000000e0000000,0x00000000e7780000)
  from space 13824K, 99% used [0x00000000e7780000,0x00000000e84f9e00,0x00000000e8500000)
  to   space 17408K, 0% used [0x00000000ea680000,0x00000000ea680000,0x00000000eb780000)
 ParOldGen       total 61440K, used 30328K [0x00000000a0000000, 0x00000000a3c00000, 0x00000000e0000000)
  object space 61440K, 49% used [0x00000000a0000000,0x00000000a1d9e3a0,0x00000000a3c00000)
 Metaspace       used 52646K, capacity 54178K, committed 54528K, reserved 1095680K
  class space    used 7206K, capacity 7568K, committed 7680K, reserved 1048576K
}

