# JRE version: OpenJDK Runtime Environment (8.0_152-b02) (build 1.8.0_152-release-1024-b02)
# Java VM: OpenJDK 64-Bit Server VM (25.152-b02 mixed mode windows-amd64 compressed oops)
Heap:
 PSYoungGen      total 380416K, used 179867K [0x00000000e0000000, 0x00000000fa080000, 0x0000000100000000)
  eden space 349696K, 49% used [0x00000000e0000000,0x00000000ea86fd48,0x00000000f5580000)
  from space 30720K, 24% used [0x00000000f8280000,0x00000000f89b7290,0x00000000fa080000)
  to   space 38400K, 0% used [0x00000000f5580000,0x00000000f5580000,0x00000000f7b00000)
 ParOldGen       total 149504K, used 64745K [0x00000000a0000000, 0x00000000a9200000, 0x00000000e0000000)
  object space 149504K, 43% used [0x00000000a0000000,0x00000000a3f3a4a0,0x00000000a9200000)
 Metaspace       used 92899K, capacity 97108K, committed 97368K, reserved 1134592K
  class space    used 11644K, capacity 12562K, committed 12672K, reserved 1048576K
GC Heap History (10 events):
Event: 1821.720 GC heap before
{Heap before GC invocations=24 (full 4):
 PSYoungGen      total 312320K, used 274944K [0x00000000e0000000, 0x00000000f6c00000, 0x0000000100000000)
  eden space 274944K, 100% used [0x00000000e0000000,0x00000000f0c80000,0x00000000f0c80000)
  from space 37376K, 0% used [0x00000000f0c80000,0x00000000f0c80000,0x00000000f3100000)
  to   space 36352K, 0% used [0x00000000f4880000,0x00000000f4880000,0x00000000f6c00000)
 ParOldGen       total 149504K, used 64713K [0x00000000a0000000, 0x00000000a9200000, 0x00000000e0000000)
  object space 149504K, 43% used [0x00000000a0000000,0x00000000a3f324a0,0x00000000a9200000)
 Metaspace       used 89789K, capacity 93320K, committed 93784K, reserved 1130496K
  class space    used 11233K, capacity 12032K, committed 12160K, reserved 1048576K
Event: 1821.751 GC heap after
Heap after GC invocations=24 (full 4):
 PSYoungGen      total 336384K, used 3536K [0x00000000e0000000, 0x00000000f6f80000, 0x0000000100000000)
  eden space 300032K, 0% used [0x00000000e0000000,0x00000000e0000000,0x00000000f2500000)
  from space 36352K, 9% used [0x00000000f4880000,0x00000000f4bf41d0,0x00000000f6c00000)
  to   space 36352K, 0% used [0x00000000f2500000,0x00000000f2500000,0x00000000f4880000)
 ParOldGen       total 149504K, used 64721K [0x00000000a0000000, 0x00000000a9200000, 0x00000000e0000000)
  object space 149504K, 43% used [0x00000000a0000000,0x00000000a3f344a0,0x00000000a9200000)
 Metaspace       used 89789K, capacity 93320K, committed 93784K, reserved 1130496K
  class space    used 11233K, capacity 12032K, committed 12160K, reserved 1048576K
}
Event: 1825.929 GC heap before
{Heap before GC invocations=25 (full 4):
 PSYoungGen      total 336384K, used 303442K [0x00000000e0000000, 0x00000000f6f80000, 0x0000000100000000)
  eden space 300032K, 99% used [0x00000000e0000000,0x00000000f24e07e0,0x00000000f2500000)
  from space 36352K, 9% used [0x00000000f4880000,0x00000000f4bf41d0,0x00000000f6c00000)
  to   space 36352K, 0% used [0x00000000f2500000,0x00000000f2500000,0x00000000f4880000)
 ParOldGen       total 149504K, used 64721K [0x00000000a0000000, 0x00000000a9200000, 0x00000000e0000000)
  object space 149504K, 43% used [0x00000000a0000000,0x00000000a3f344a0,0x00000000a9200000)
 Metaspace       used 89918K, capacity 93472K, committed 94040K, reserved 1130496K
  class space    used 11239K, capacity 12034K, committed 12160K, reserved 1048576K
Event: 1825.960 GC heap after
Heap after GC invocations=25 (full 4):
 PSYoungGen      total 336384K, used 5322K [0x00000000e0000000, 0x00000000f8780000, 0x0000000100000000)
  eden space 300032K, 0% used [0x00000000e0000000,0x00000000e0000000,0x00000000f2500000)
  from space 36352K, 14% used [0x00000000f2500000,0x00000000f2a32b68,0x00000000f4880000)
  to   space 35840K, 0% used [0x00000000f6480000,0x00000000f6480000,0x00000000f8780000)
 ParOldGen       total 149504K, used 64729K [0x00000000a0000000, 0x00000000a9200000, 0x00000000e0000000)
  object space 149504K, 43% used [0x00000000a0000000,0x00000000a3f364a0,0x00000000a9200000)
 Metaspace       used 89918K, capacity 93472K, committed 94040K, reserved 1130496K
  class space    used 11239K, capacity 12034K, committed 12160K, reserved 1048576K
}
Event: 1832.427 GC heap before
{Heap before GC invocations=26 (full 4):
 PSYoungGen      total 336384K, used 305354K [0x00000000e0000000, 0x00000000f8780000, 0x0000000100000000)
  eden space 300032K, 100% used [0x00000000e0000000,0x00000000f2500000,0x00000000f2500000)
  from space 36352K, 14% used [0x00000000f2500000,0x00000000f2a32b68,0x00000000f4880000)
  to   space 35840K, 0% used [0x00000000f6480000,0x00000000f6480000,0x00000000f8780000)
 ParOldGen       total 149504K, used 64729K [0x00000000a0000000, 0x00000000a9200000, 0x00000000e0000000)
  object space 149504K, 43% used [0x00000000a0000000,0x00000000a3f364a0,0x00000000a9200000)
 Metaspace       used 90668K, capacity 94300K, committed 94680K, reserved 1132544K
  class space    used 11307K, capacity 12134K, committed 12288K, reserved 1048576K
Event: 1832.549 GC heap after
Heap after GC invocations=26 (full 4):
 PSYoungGen      total 359936K, used 33885K [0x00000000e0000000, 0x00000000f9600000, 0x0000000100000000)
  eden space 324096K, 0% used [0x00000000e0000000,0x00000000e0000000,0x00000000f3c80000)
  from space 35840K, 94% used [0x00000000f6480000,0x00000000f8597490,0x00000000f8780000)
  to   space 40960K, 0% used [0x00000000f3c80000,0x00000000f3c80000,0x00000000f6480000)
 ParOldGen       total 149504K, used 64737K [0x00000000a0000000, 0x00000000a9200000, 0x00000000e0000000)
  object space 149504K, 43% used [0x00000000a0000000,0x00000000a3f384a0,0x00000000a9200000)
 Metaspace       used 90668K, capacity 94300K, committed 94680K, reserved 1132544K
  class space    used 11307K, capacity 12134K, committed 12288K, reserved 1048576K
}
Event: 1837.374 GC heap before
{Heap before GC invocations=27 (full 4):
 PSYoungGen      total 359936K, used 357429K [0x00000000e0000000, 0x00000000f9600000, 0x0000000100000000)
  eden space 324096K, 99% used [0x00000000e0000000,0x00000000f3bf5f90,0x00000000f3c80000)
  from space 35840K, 94% used [0x00000000f6480000,0x00000000f8597490,0x00000000f8780000)
  to   space 40960K, 0% used [0x00000000f3c80000,0x00000000f3c80000,0x00000000f6480000)
 ParOldGen       total 149504K, used 64737K [0x00000000a0000000, 0x00000000a9200000, 0x00000000e0000000)
  object space 149504K, 43% used [0x00000000a0000000,0x00000000a3f384a0,0x00000000a9200000)
 Metaspace       used 91789K, capacity 95688K, committed 95832K, reserved 1132544K
  class space    used 11491K, capacity 12372K, committed 12416K, reserved 1048576K
Event: 1837.391 GC heap after
Heap after GC invocations=27 (full 4):
 PSYoungGen      total 365056K, used 8195K [0x00000000e0000000, 0x00000000fa980000, 0x0000000100000000)
  eden space 324096K, 0% used [0x00000000e0000000,0x00000000e0000000,0x00000000f3c80000)
  from space 40960K, 20% used [0x00000000f3c80000,0x00000000f4480fd8,0x00000000f6480000)
  to   space 39936K, 0% used [0x00000000f8280000,0x00000000f8280000,0x00000000fa980000)
 ParOldGen       total 149504K, used 64737K [0x00000000a0000000, 0x00000000a9200000, 0x00000000e0000000)
  object space 149504K, 43% used [0x00000000a0000000,0x00000000a3f384a0,0x00000000a9200000)
 Metaspace       used 91789K, capacity 95688K, committed 95832K, reserved 1132544K
  class space    used 11491K, capacity 12372K, committed 12416K, reserved 1048576K
}
Event: 1930.279 GC heap before
{Heap before GC invocations=28 (full 4):
 PSYoungGen      total 365056K, used 332291K [0x00000000e0000000, 0x00000000fa980000, 0x0000000100000000)
  eden space 324096K, 100% used [0x00000000e0000000,0x00000000f3c80000,0x00000000f3c80000)
  from space 40960K, 20% used [0x00000000f3c80000,0x00000000f4480fd8,0x00000000f6480000)
  to   space 39936K, 0% used [0x00000000f8280000,0x00000000f8280000,0x00000000fa980000)
 ParOldGen       total 149504K, used 64737K [0x00000000a0000000, 0x00000000a9200000, 0x00000000e0000000)
  object space 149504K, 43% used [0x00000000a0000000,0x00000000a3f384a0,0x00000000a9200000)
 Metaspace       used 92585K, capacity 96700K, committed 96984K, reserved 1134592K
  class space    used 11618K, capacity 12500K, committed 12544K, reserved 1048576K
Event: 1930.323 GC heap after
Heap after GC invocations=28 (full 4):
 PSYoungGen      total 380416K, used 7388K [0x00000000e0000000, 0x00000000fa080000, 0x0000000100000000)
  eden space 349696K, 0% used [0x00000000e0000000,0x00000000e0000000,0x00000000f5580000)
  from space 30720K, 24% used [0x00000000f8280000,0x00000000f89b7290,0x00000000fa080000)
  to   space 38400K, 0% used [0x00000000f5580000,0x00000000f5580000,0x00000000f7b00000)
 ParOldGen       total 149504K, used 64745K [0x00000000a0000000, 0x00000000a9200000, 0x00000000e0000000)
  object space 149504K, 43% used [0x00000000a0000000,0x00000000a3f3a4a0,0x00000000a9200000)
 Metaspace       used 92585K, capacity 96700K, committed 96984K, reserved 1134592K
  class space    used 11618K, capacity 12500K, committed 12544K, reserved 1048576K
}

