# JRE version: OpenJDK Runtime Environment (8.0_152-b02) (build 1.8.0_152-release-1024-b02)
# Java VM: OpenJDK 64-Bit Server VM (25.152-b02 mixed mode windows-amd64 compressed oops)
Heap:
 PSYoungGen      total 149504K, used 126627K [0x00000000e0000000, 0x00000000ec300000, 0x0000000100000000)
  eden space 133632K, 85% used [0x00000000e0000000,0x00000000e6fc9b50,0x00000000e8280000)
  from space 15872K, 76% used [0x00000000e8280000,0x00000000e8e5f180,0x00000000e9200000)
  to   space 16896K, 0% used [0x00000000eb280000,0x00000000eb280000,0x00000000ec300000)
 ParOldGen       total 93184K, used 36091K [0x00000000a0000000, 0x00000000a5b00000, 0x00000000e0000000)
  object space 93184K, 38% used [0x00000000a0000000,0x00000000a233ec88,0x00000000a5b00000)
 Metaspace       used 64643K, capacity 66906K, committed 67072K, reserved 1107968K
  class space    used 8547K, capacity 9112K, committed 9216K, reserved 1048576K
GC Heap History (10 events):
Event: 34.482 GC heap before
{Heap before GC invocations=14 (full 2):
 PSYoungGen      total 92160K, used 82432K [0x00000000e0000000, 0x00000000e7e00000, 0x0000000100000000)
  eden space 82432K, 100% used [0x00000000e0000000,0x00000000e5080000,0x00000000e5080000)
  from space 9728K, 0% used [0x00000000e5080000,0x00000000e5080000,0x00000000e5a00000)
  to   space 10752K, 0% used [0x00000000e7380000,0x00000000e7380000,0x00000000e7e00000)
 ParOldGen       total 57344K, used 17706K [0x00000000a0000000, 0x00000000a3800000, 0x00000000e0000000)
  object space 57344K, 30% used [0x00000000a0000000,0x00000000a114a960,0x00000000a3800000)
 Metaspace       used 41936K, capacity 42818K, committed 43136K, reserved 1087488K
  class space    used 5614K, capacity 5888K, committed 6016K, reserved 1048576K
Event: 34.519 GC heap after
Heap after GC invocations=14 (full 2):
 PSYoungGen      total 116736K, used 10358K [0x00000000e0000000, 0x00000000e8000000, 0x0000000100000000)
  eden space 105984K, 0% used [0x00000000e0000000,0x00000000e0000000,0x00000000e6780000)
  from space 10752K, 96% used [0x00000000e7380000,0x00000000e7d9d968,0x00000000e7e00000)
  to   space 12288K, 0% used [0x00000000e6780000,0x00000000e6780000,0x00000000e7380000)
 ParOldGen       total 57344K, used 17714K [0x00000000a0000000, 0x00000000a3800000, 0x00000000e0000000)
  object space 57344K, 30% used [0x00000000a0000000,0x00000000a114c960,0x00000000a3800000)
 Metaspace       used 41936K, capacity 42818K, committed 43136K, reserved 1087488K
  class space    used 5614K, capacity 5888K, committed 6016K, reserved 1048576K
}
Event: 45.283 GC heap before
{Heap before GC invocations=15 (full 2):
 PSYoungGen      total 116736K, used 116342K [0x00000000e0000000, 0x00000000e8000000, 0x0000000100000000)
  eden space 105984K, 100% used [0x00000000e0000000,0x00000000e6780000,0x00000000e6780000)
  from space 10752K, 96% used [0x00000000e7380000,0x00000000e7d9d968,0x00000000e7e00000)
  to   space 12288K, 0% used [0x00000000e6780000,0x00000000e6780000,0x00000000e7380000)
 ParOldGen       total 57344K, used 17714K [0x00000000a0000000, 0x00000000a3800000, 0x00000000e0000000)
  object space 57344K, 30% used [0x00000000a0000000,0x00000000a114c960,0x00000000a3800000)
 Metaspace       used 52375K, capacity 53874K, committed 54144K, reserved 1095680K
  class space    used 7017K, capacity 7463K, committed 7552K, reserved 1048576K
Event: 45.333 GC heap after
Heap after GC invocations=15 (full 2):
 PSYoungGen      total 118272K, used 12265K [0x00000000e0000000, 0x00000000ea100000, 0x0000000100000000)
  eden space 105984K, 0% used [0x00000000e0000000,0x00000000e0000000,0x00000000e6780000)
  from space 12288K, 99% used [0x00000000e6780000,0x00000000e737a748,0x00000000e7380000)
  to   space 15360K, 0% used [0x00000000e9200000,0x00000000e9200000,0x00000000ea100000)
 ParOldGen       total 57344K, used 22278K [0x00000000a0000000, 0x00000000a3800000, 0x00000000e0000000)
  object space 57344K, 38% used [0x00000000a0000000,0x00000000a15c1bf8,0x00000000a3800000)
 Metaspace       used 52375K, capacity 53874K, committed 54144K, reserved 1095680K
  class space    used 7017K, capacity 7463K, committed 7552K, reserved 1048576K
}
Event: 50.460 GC heap before
{Heap before GC invocations=16 (full 2):
 PSYoungGen      total 118272K, used 110674K [0x00000000e0000000, 0x00000000ea100000, 0x0000000100000000)
  eden space 105984K, 92% used [0x00000000e0000000,0x00000000e601a0d0,0x00000000e6780000)
  from space 12288K, 99% used [0x00000000e6780000,0x00000000e737a748,0x00000000e7380000)
  to   space 15360K, 0% used [0x00000000e9200000,0x00000000e9200000,0x00000000ea100000)
 ParOldGen       total 57344K, used 22278K [0x00000000a0000000, 0x00000000a3800000, 0x00000000e0000000)
  object space 57344K, 38% used [0x00000000a0000000,0x00000000a15c1bf8,0x00000000a3800000)
 Metaspace       used 57117K, capacity 58900K, committed 59008K, reserved 1099776K
  class space    used 7769K, capacity 8249K, committed 8320K, reserved 1048576K
Event: 50.546 GC heap after
Heap after GC invocations=16 (full 2):
 PSYoungGen      total 148992K, used 10352K [0x00000000e0000000, 0x00000000ea400000, 0x0000000100000000)
  eden space 133632K, 0% used [0x00000000e0000000,0x00000000e0000000,0x00000000e8280000)
  from space 15360K, 67% used [0x00000000e9200000,0x00000000e9c1c3e0,0x00000000ea100000)
  to   space 15872K, 0% used [0x00000000e8280000,0x00000000e8280000,0x00000000e9200000)
 ParOldGen       total 57344K, used 32822K [0x00000000a0000000, 0x00000000a3800000, 0x00000000e0000000)
  object space 57344K, 57% used [0x00000000a0000000,0x00000000a200db88,0x00000000a3800000)
 Metaspace       used 57117K, capacity 58900K, committed 59008K, reserved 1099776K
  class space    used 7769K, capacity 8249K, committed 8320K, reserved 1048576K
}
Event: 50.546 GC heap before
{Heap before GC invocations=17 (full 3):
 PSYoungGen      total 148992K, used 10352K [0x00000000e0000000, 0x00000000ea400000, 0x0000000100000000)
  eden space 133632K, 0% used [0x00000000e0000000,0x00000000e0000000,0x00000000e8280000)
  from space 15360K, 67% used [0x00000000e9200000,0x00000000e9c1c3e0,0x00000000ea100000)
  to   space 15872K, 0% used [0x00000000e8280000,0x00000000e8280000,0x00000000e9200000)
 ParOldGen       total 57344K, used 32822K [0x00000000a0000000, 0x00000000a3800000, 0x00000000e0000000)
  object space 57344K, 57% used [0x00000000a0000000,0x00000000a200db88,0x00000000a3800000)
 Metaspace       used 57117K, capacity 58900K, committed 59008K, reserved 1099776K
  class space    used 7769K, capacity 8249K, committed 8320K, reserved 1048576K
Event: 51.140 GC heap after
Heap after GC invocations=17 (full 3):
 PSYoungGen      total 148992K, used 0K [0x00000000e0000000, 0x00000000ea400000, 0x0000000100000000)
  eden space 133632K, 0% used [0x00000000e0000000,0x00000000e0000000,0x00000000e8280000)
  from space 15360K, 0% used [0x00000000e9200000,0x00000000e9200000,0x00000000ea100000)
  to   space 15872K, 0% used [0x00000000e8280000,0x00000000e8280000,0x00000000e9200000)
 ParOldGen       total 93184K, used 36083K [0x00000000a0000000, 0x00000000a5b00000, 0x00000000e0000000)
  object space 93184K, 38% used [0x00000000a0000000,0x00000000a233cc88,0x00000000a5b00000)
 Metaspace       used 57117K, capacity 58900K, committed 59008K, reserved 1099776K
  class space    used 7769K, capacity 8249K, committed 8320K, reserved 1048576K
}
Event: 62.722 GC heap before
{Heap before GC invocations=18 (full 3):
 PSYoungGen      total 148992K, used 133632K [0x00000000e0000000, 0x00000000ea400000, 0x0000000100000000)
  eden space 133632K, 100% used [0x00000000e0000000,0x00000000e8280000,0x00000000e8280000)
  from space 15360K, 0% used [0x00000000e9200000,0x00000000e9200000,0x00000000ea100000)
  to   space 15872K, 0% used [0x00000000e8280000,0x00000000e8280000,0x00000000e9200000)
 ParOldGen       total 93184K, used 36083K [0x00000000a0000000, 0x00000000a5b00000, 0x00000000e0000000)
  object space 93184K, 38% used [0x00000000a0000000,0x00000000a233cc88,0x00000000a5b00000)
 Metaspace       used 58962K, capacity 60906K, committed 61056K, reserved 1101824K
  class space    used 7974K, capacity 8482K, committed 8576K, reserved 1048576K
Event: 62.870 GC heap after
Heap after GC invocations=18 (full 3):
 PSYoungGen      total 149504K, used 12156K [0x00000000e0000000, 0x00000000ec300000, 0x0000000100000000)
  eden space 133632K, 0% used [0x00000000e0000000,0x00000000e0000000,0x00000000e8280000)
  from space 15872K, 76% used [0x00000000e8280000,0x00000000e8e5f180,0x00000000e9200000)
  to   space 16896K, 0% used [0x00000000eb280000,0x00000000eb280000,0x00000000ec300000)
 ParOldGen       total 93184K, used 36091K [0x00000000a0000000, 0x00000000a5b00000, 0x00000000e0000000)
  object space 93184K, 38% used [0x00000000a0000000,0x00000000a233ec88,0x00000000a5b00000)
 Metaspace       used 58962K, capacity 60906K, committed 61056K, reserved 1101824K
  class space    used 7974K, capacity 8482K, committed 8576K, reserved 1048576K
}

